2026-04-02 07:03:14,925 [INFO] SyndicationEngine — ============================================================
2026-04-02 07:03:14,925 [INFO] SyndicationEngine — CYBERDUDEBIVASH SENTINEL SYNDICATION ENGINE v1.0 STARTING
2026-04-02 07:03:14,925 [INFO] SyndicationEngine — Run timestamp: 2026-04-02T07:03:14.925059+00:00
2026-04-02 07:03:14,925 [INFO] SyndicationEngine — ============================================================
2026-04-02 07:03:14,925 [INFO] StateManager — State loaded: 0 items tracked
2026-04-02 07:03:14,925 [INFO] SyndicationEngine — Polling RSS: https://cyberbivash.blogspot.com/feeds/posts/default?alt=rss
2026-04-02 07:03:15,759 [INFO] RSSPoller — RSS: 25 total items | 25 new
2026-04-02 07:03:15,760 [INFO] SyndicationEngine — Found 25 new item(s) to syndicate
2026-04-02 07:03:15,760 [INFO] SyndicationEngine — Platform READY: LINKEDIN
2026-04-02 07:03:15,760 [WARNING] SyndicationEngine — Platform SKIPPED (not configured): TWITTER
2026-04-02 07:03:15,760 [INFO] SyndicationEngine — Platform READY: MASTODON
2026-04-02 07:03:15,760 [WARNING] SyndicationEngine — Platform SKIPPED (not configured): BLUESKY
2026-04-02 07:03:15,760 [WARNING] SyndicationEngine — Platform SKIPPED (not configured): FACEBOOK
2026-04-02 07:03:15,760 [WARNING] SyndicationEngine — Platform SKIPPED (not configured): TUMBLR
2026-04-02 07:03:15,760 [WARNING] SyndicationEngine — Platform SKIPPED (not configured): REDDIT
2026-04-02 07:03:15,760 [WARNING] SyndicationEngine — Platform SKIPPED (not configured): THREADS
2026-04-02 07:03:15,760 [INFO] SyndicationEngine — ── Syndicating: Industrialization of the Fraud Ecosystem Blog...
2026-04-02 07:03:15,761 [ERROR] LinkedIn — LinkedIn request exception: Invalid leading whitespace, reserved character(s), or return character(s) in header value: 'Bearer LINKEDIN_ACCESS_TOKEN\nAQWq2g0eBoORKGYAiqiSs_6J99dYBl9WFUai1tyKUs775viafigF4qNIjcvWjNo3kcMW5XtPBH7Msxs6bLwOnUUKCbqz3GEoH1KKBD42NoZR_jhlf3cbQTWyLZGwCXwgTibe_S7MMJA4Hd7RG7fXwKRpiMLPqkvKi98fKPGcRjBAVbnVewGCZWDtm9-1Zs4K-ZQgy4P1ZIOFlxHAkNtiAQDZBbUmpA39eDrizUhcSLpmI-b22Yrh_feLlSshnOos6obelJZA2rkC3n_xqu8sxYsvbzjlkEizfb8gO4uELVlH1HIgDIN6BIXzQh41PKKpz4yNIGuGHkeBGdTpXs4IGfpl3XAuAg'
2026-04-02 07:03:15,761 [WARNING] SyndicationEngine —   ⚠️  LINKEDIN: Failed — Invalid leading whitespace, reserved character(s), or return character(s) in header value: 'Bearer LINKEDIN_ACCESS_TOKEN\nAQWq2g0eBoORKGYAiqiSs_6J99dYBl9WFUai1tyKUs775viafigF4qNIjcvWjNo3kcMW5XtPBH7Msxs6bLwOnUUKCbqz3GEoH1KKBD42NoZR_jhlf3cbQTWyLZGwCXwgTibe_S7MMJA4Hd7RG7fXwKRpiMLPqkvKi98fKPGcRjBAVbnVewGCZWDtm9-1Zs4K-ZQgy4P1ZIOFlxHAkNtiAQDZBbUmpA39eDrizUhcSLpmI-b22Yrh_feLlSshnOos6obelJZA2rkC3n_xqu8sxYsvbzjlkEizfb8gO4uELVlH1HIgDIN6BIXzQh41PKKpz4yNIGuGHkeBGdTpXs4IGfpl3XAuAg'
2026-04-02 07:03:16,654 [ERROR] Mastodon — Mastodon post failed: HTTP 404: <!DOCTYPE html>
<html data-color-scheme="auto" data-contrast="auto" lang="en">
<head>
<meta content="text/html; charset=UTF-8" http-equiv="Content-Type">
<meta charset="utf-8">
<title>The page you are looking for isn&#39;t here.
 - Mastodon</title>
<meta content="width=device-width,initial-scale=1" 
2026-04-02 07:03:16,655 [WARNING] SyndicationEngine —   ⚠️  MASTODON: Failed — HTTP 404: <!DOCTYPE html>
<html data-color-scheme="auto" data-contrast="auto" lang="en">
<head>
<meta content="text/html; charset=UTF-8" http-equiv="Content-Type">
<meta charset="utf-8">
<title>The page you are looking for isn&#39;t here.
 - Mastodon</title>
<meta content="width=device-width,initial-scale=1" 
2026-04-02 07:03:16,655 [WARNING] SyndicationEngine —   ⚠️  All platforms failed for item — NOT marking as posted (will retry next run)
2026-04-02 07:03:16,655 [INFO] SyndicationEngine — ── Syndicating: Why we&amp;#8217;re still not doing April Fools&amp;#8217; D...
2026-04-02 07:03:16,655 [ERROR] LinkedIn — LinkedIn request exception: Invalid leading whitespace, reserved character(s), or return character(s) in header value: 'Bearer LINKEDIN_ACCESS_TOKEN\nAQWq2g0eBoORKGYAiqiSs_6J99dYBl9WFUai1tyKUs775viafigF4qNIjcvWjNo3kcMW5XtPBH7Msxs6bLwOnUUKCbqz3GEoH1KKBD42NoZR_jhlf3cbQTWyLZGwCXwgTibe_S7MMJA4Hd7RG7fXwKRpiMLPqkvKi98fKPGcRjBAVbnVewGCZWDtm9-1Zs4K-ZQgy4P1ZIOFlxHAkNtiAQDZBbUmpA39eDrizUhcSLpmI-b22Yrh_feLlSshnOos6obelJZA2rkC3n_xqu8sxYsvbzjlkEizfb8gO4uELVlH1HIgDIN6BIXzQh41PKKpz4yNIGuGHkeBGdTpXs4IGfpl3XAuAg'
2026-04-02 07:03:16,655 [WARNING] SyndicationEngine —   ⚠️  LINKEDIN: Failed — Invalid leading whitespace, reserved character(s), or return character(s) in header value: 'Bearer LINKEDIN_ACCESS_TOKEN\nAQWq2g0eBoORKGYAiqiSs_6J99dYBl9WFUai1tyKUs775viafigF4qNIjcvWjNo3kcMW5XtPBH7Msxs6bLwOnUUKCbqz3GEoH1KKBD42NoZR_jhlf3cbQTWyLZGwCXwgTibe_S7MMJA4Hd7RG7fXwKRpiMLPqkvKi98fKPGcRjBAVbnVewGCZWDtm9-1Zs4K-ZQgy4P1ZIOFlxHAkNtiAQDZBbUmpA39eDrizUhcSLpmI-b22Yrh_feLlSshnOos6obelJZA2rkC3n_xqu8sxYsvbzjlkEizfb8gO4uELVlH1HIgDIN6BIXzQh41PKKpz4yNIGuGHkeBGdTpXs4IGfpl3XAuAg'
2026-04-02 07:03:16,911 [ERROR] Mastodon — Mastodon post failed: HTTP 404: <!DOCTYPE html>
<html data-color-scheme="auto" data-contrast="auto" lang="en">
<head>
<meta content="text/html; charset=UTF-8" http-equiv="Content-Type">
<meta charset="utf-8">
<title>The page you are looking for isn&#39;t here.
 - Mastodon</title>
<meta content="width=device-width,initial-scale=1" 
2026-04-02 07:03:16,912 [WARNING] SyndicationEngine —   ⚠️  MASTODON: Failed — HTTP 404: <!DOCTYPE html>
<html data-color-scheme="auto" data-contrast="auto" lang="en">
<head>
<meta content="text/html; charset=UTF-8" http-equiv="Content-Type">
<meta charset="utf-8">
<title>The page you are looking for isn&#39;t here.
 - Mastodon</title>
<meta content="width=device-width,initial-scale=1" 
2026-04-02 07:03:16,912 [WARNING] SyndicationEngine —   ⚠️  All platforms failed for item — NOT marking as posted (will retry next run)
2026-04-02 07:03:16,912 [INFO] SyndicationEngine — ── Syndicating: CVE-2026-5199 - Cross Namespace Access via Batch Operation...
2026-04-02 07:03:16,913 [ERROR] LinkedIn — LinkedIn request exception: Invalid leading whitespace, reserved character(s), or return character(s) in header value: 'Bearer LINKEDIN_ACCESS_TOKEN\nAQWq2g0eBoORKGYAiqiSs_6J99dYBl9WFUai1tyKUs775viafigF4qNIjcvWjNo3kcMW5XtPBH7Msxs6bLwOnUUKCbqz3GEoH1KKBD42NoZR_jhlf3cbQTWyLZGwCXwgTibe_S7MMJA4Hd7RG7fXwKRpiMLPqkvKi98fKPGcRjBAVbnVewGCZWDtm9-1Zs4K-ZQgy4P1ZIOFlxHAkNtiAQDZBbUmpA39eDrizUhcSLpmI-b22Yrh_feLlSshnOos6obelJZA2rkC3n_xqu8sxYsvbzjlkEizfb8gO4uELVlH1HIgDIN6BIXzQh41PKKpz4yNIGuGHkeBGdTpXs4IGfpl3XAuAg'
2026-04-02 07:03:16,913 [WARNING] SyndicationEngine —   ⚠️  LINKEDIN: Failed — Invalid leading whitespace, reserved character(s), or return character(s) in header value: 'Bearer LINKEDIN_ACCESS_TOKEN\nAQWq2g0eBoORKGYAiqiSs_6J99dYBl9WFUai1tyKUs775viafigF4qNIjcvWjNo3kcMW5XtPBH7Msxs6bLwOnUUKCbqz3GEoH1KKBD42NoZR_jhlf3cbQTWyLZGwCXwgTibe_S7MMJA4Hd7RG7fXwKRpiMLPqkvKi98fKPGcRjBAVbnVewGCZWDtm9-1Zs4K-ZQgy4P1ZIOFlxHAkNtiAQDZBbUmpA39eDrizUhcSLpmI-b22Yrh_feLlSshnOos6obelJZA2rkC3n_xqu8sxYsvbzjlkEizfb8gO4uELVlH1HIgDIN6BIXzQh41PKKpz4yNIGuGHkeBGdTpXs4IGfpl3XAuAg'
2026-04-02 07:03:17,144 [ERROR] Mastodon — Mastodon post failed: HTTP 404: <!DOCTYPE html>
<html data-color-scheme="auto" data-contrast="auto" lang="en">
<head>
<meta content="text/html; charset=UTF-8" http-equiv="Content-Type">
<meta charset="utf-8">
<title>The page you are looking for isn&#39;t here.
 - Mastodon</title>
<meta content="width=device-width,initial-scale=1" 
2026-04-02 07:03:17,145 [WARNING] SyndicationEngine —   ⚠️  MASTODON: Failed — HTTP 404: <!DOCTYPE html>
<html data-color-scheme="auto" data-contrast="auto" lang="en">
<head>
<meta content="text/html; charset=UTF-8" http-equiv="Content-Type">
<meta charset="utf-8">
<title>The page you are looking for isn&#39;t here.
 - Mastodon</title>
<meta content="width=device-width,initial-scale=1" 
2026-04-02 07:03:17,145 [WARNING] SyndicationEngine —   ⚠️  All platforms failed for item — NOT marking as posted (will retry next run)
2026-04-02 07:03:17,145 [INFO] SyndicationEngine — ── Syndicating: CVE-2026-34875 - Mbed TLS FFDH Key Export Buffer Overflow...
2026-04-02 07:03:17,146 [ERROR] LinkedIn — LinkedIn request exception: Invalid leading whitespace, reserved character(s), or return character(s) in header value: 'Bearer LINKEDIN_ACCESS_TOKEN\nAQWq2g0eBoORKGYAiqiSs_6J99dYBl9WFUai1tyKUs775viafigF4qNIjcvWjNo3kcMW5XtPBH7Msxs6bLwOnUUKCbqz3GEoH1KKBD42NoZR_jhlf3cbQTWyLZGwCXwgTibe_S7MMJA4Hd7RG7fXwKRpiMLPqkvKi98fKPGcRjBAVbnVewGCZWDtm9-1Zs4K-ZQgy4P1ZIOFlxHAkNtiAQDZBbUmpA39eDrizUhcSLpmI-b22Yrh_feLlSshnOos6obelJZA2rkC3n_xqu8sxYsvbzjlkEizfb8gO4uELVlH1HIgDIN6BIXzQh41PKKpz4yNIGuGHkeBGdTpXs4IGfpl3XAuAg'
2026-04-02 07:03:17,146 [WARNING] SyndicationEngine —   ⚠️  LINKEDIN: Failed — Invalid leading whitespace, reserved character(s), or return character(s) in header value: 'Bearer LINKEDIN_ACCESS_TOKEN\nAQWq2g0eBoORKGYAiqiSs_6J99dYBl9WFUai1tyKUs775viafigF4qNIjcvWjNo3kcMW5XtPBH7Msxs6bLwOnUUKCbqz3GEoH1KKBD42NoZR_jhlf3cbQTWyLZGwCXwgTibe_S7MMJA4Hd7RG7fXwKRpiMLPqkvKi98fKPGcRjBAVbnVewGCZWDtm9-1Zs4K-ZQgy4P1ZIOFlxHAkNtiAQDZBbUmpA39eDrizUhcSLpmI-b22Yrh_feLlSshnOos6obelJZA2rkC3n_xqu8sxYsvbzjlkEizfb8gO4uELVlH1HIgDIN6BIXzQh41PKKpz4yNIGuGHkeBGdTpXs4IGfpl3XAuAg'
2026-04-02 07:03:17,378 [ERROR] Mastodon — Mastodon post failed: HTTP 404: <!DOCTYPE html>
<html data-color-scheme="auto" data-contrast="auto" lang="en">
<head>
<meta content="text/html; charset=UTF-8" http-equiv="Content-Type">
<meta charset="utf-8">
<title>The page you are looking for isn&#39;t here.
 - Mastodon</title>
<meta content="width=device-width,initial-scale=1" 
2026-04-02 07:03:17,379 [WARNING] SyndicationEngine —   ⚠️  MASTODON: Failed — HTTP 404: <!DOCTYPE html>
<html data-color-scheme="auto" data-contrast="auto" lang="en">
<head>
<meta content="text/html; charset=UTF-8" http-equiv="Content-Type">
<meta charset="utf-8">
<title>The page you are looking for isn&#39;t here.
 - Mastodon</title>
<meta content="width=device-width,initial-scale=1" 
2026-04-02 07:03:17,379 [WARNING] SyndicationEngine —   ⚠️  All platforms failed for item — NOT marking as posted (will retry next run)
2026-04-02 07:03:17,379 [INFO] SyndicationEngine — ── Syndicating: CVE-2026-34751 - Payload has Unvalidated Input in Password R...
2026-04-02 07:03:17,380 [ERROR] LinkedIn — LinkedIn request exception: Invalid leading whitespace, reserved character(s), or return character(s) in header value: 'Bearer LINKEDIN_ACCESS_TOKEN\nAQWq2g0eBoORKGYAiqiSs_6J99dYBl9WFUai1tyKUs775viafigF4qNIjcvWjNo3kcMW5XtPBH7Msxs6bLwOnUUKCbqz3GEoH1KKBD42NoZR_jhlf3cbQTWyLZGwCXwgTibe_S7MMJA4Hd7RG7fXwKRpiMLPqkvKi98fKPGcRjBAVbnVewGCZWDtm9-1Zs4K-ZQgy4P1ZIOFlxHAkNtiAQDZBbUmpA39eDrizUhcSLpmI-b22Yrh_feLlSshnOos6obelJZA2rkC3n_xqu8sxYsvbzjlkEizfb8gO4uELVlH1HIgDIN6BIXzQh41PKKpz4yNIGuGHkeBGdTpXs4IGfpl3XAuAg'
2026-04-02 07:03:17,380 [WARNING] SyndicationEngine —   ⚠️  LINKEDIN: Failed — Invalid leading whitespace, reserved character(s), or return character(s) in header value: 'Bearer LINKEDIN_ACCESS_TOKEN\nAQWq2g0eBoORKGYAiqiSs_6J99dYBl9WFUai1tyKUs775viafigF4qNIjcvWjNo3kcMW5XtPBH7Msxs6bLwOnUUKCbqz3GEoH1KKBD42NoZR_jhlf3cbQTWyLZGwCXwgTibe_S7MMJA4Hd7RG7fXwKRpiMLPqkvKi98fKPGcRjBAVbnVewGCZWDtm9-1Zs4K-ZQgy4P1ZIOFlxHAkNtiAQDZBbUmpA39eDrizUhcSLpmI-b22Yrh_feLlSshnOos6obelJZA2rkC3n_xqu8sxYsvbzjlkEizfb8gO4uELVlH1HIgDIN6BIXzQh41PKKpz4yNIGuGHkeBGdTpXs4IGfpl3XAuAg'
2026-04-02 07:03:17,957 [ERROR] Mastodon — Mastodon post failed: HTTP 404: <!DOCTYPE html>
<html data-color-scheme="auto" data-contrast="auto" lang="en">
<head>
<meta content="text/html; charset=UTF-8" http-equiv="Content-Type">
<meta charset="utf-8">
<title>The page you are looking for isn&#39;t here.
 - Mastodon</title>
<meta content="width=device-width,initial-scale=1" 
2026-04-02 07:03:17,958 [WARNING] SyndicationEngine —   ⚠️  MASTODON: Failed — HTTP 404: <!DOCTYPE html>
<html data-color-scheme="auto" data-contrast="auto" lang="en">
<head>
<meta content="text/html; charset=UTF-8" http-equiv="Content-Type">
<meta charset="utf-8">
<title>The page you are looking for isn&#39;t here.
 - Mastodon</title>
<meta content="width=device-width,initial-scale=1" 
2026-04-02 07:03:17,958 [WARNING] SyndicationEngine —   ⚠️  All platforms failed for item — NOT marking as posted (will retry next run)
2026-04-02 07:03:17,958 [INFO] SyndicationEngine — ── Syndicating: CVE-2026-34447 - ONNX: External Data Symlink Traversal...
2026-04-02 07:03:17,959 [ERROR] LinkedIn — LinkedIn request exception: Invalid leading whitespace, reserved character(s), or return character(s) in header value: 'Bearer LINKEDIN_ACCESS_TOKEN\nAQWq2g0eBoORKGYAiqiSs_6J99dYBl9WFUai1tyKUs775viafigF4qNIjcvWjNo3kcMW5XtPBH7Msxs6bLwOnUUKCbqz3GEoH1KKBD42NoZR_jhlf3cbQTWyLZGwCXwgTibe_S7MMJA4Hd7RG7fXwKRpiMLPqkvKi98fKPGcRjBAVbnVewGCZWDtm9-1Zs4K-ZQgy4P1ZIOFlxHAkNtiAQDZBbUmpA39eDrizUhcSLpmI-b22Yrh_feLlSshnOos6obelJZA2rkC3n_xqu8sxYsvbzjlkEizfb8gO4uELVlH1HIgDIN6BIXzQh41PKKpz4yNIGuGHkeBGdTpXs4IGfpl3XAuAg'
2026-04-02 07:03:17,959 [WARNING] SyndicationEngine —   ⚠️  LINKEDIN: Failed — Invalid leading whitespace, reserved character(s), or return character(s) in header value: 'Bearer LINKEDIN_ACCESS_TOKEN\nAQWq2g0eBoORKGYAiqiSs_6J99dYBl9WFUai1tyKUs775viafigF4qNIjcvWjNo3kcMW5XtPBH7Msxs6bLwOnUUKCbqz3GEoH1KKBD42NoZR_jhlf3cbQTWyLZGwCXwgTibe_S7MMJA4Hd7RG7fXwKRpiMLPqkvKi98fKPGcRjBAVbnVewGCZWDtm9-1Zs4K-ZQgy4P1ZIOFlxHAkNtiAQDZBbUmpA39eDrizUhcSLpmI-b22Yrh_feLlSshnOos6obelJZA2rkC3n_xqu8sxYsvbzjlkEizfb8gO4uELVlH1HIgDIN6BIXzQh41PKKpz4yNIGuGHkeBGdTpXs4IGfpl3XAuAg'
2026-04-02 07:03:18,376 [ERROR] Mastodon — Mastodon post failed: HTTP 404: <!DOCTYPE html>
<html data-color-scheme="auto" data-contrast="auto" lang="en">
<head>
<meta content="text/html; charset=UTF-8" http-equiv="Content-Type">
<meta charset="utf-8">
<title>The page you are looking for isn&#39;t here.
 - Mastodon</title>
<meta content="width=device-width,initial-scale=1" 
2026-04-02 07:03:18,377 [WARNING] SyndicationEngine —   ⚠️  MASTODON: Failed — HTTP 404: <!DOCTYPE html>
<html data-color-scheme="auto" data-contrast="auto" lang="en">
<head>
<meta content="text/html; charset=UTF-8" http-equiv="Content-Type">
<meta charset="utf-8">
<title>The page you are looking for isn&#39;t here.
 - Mastodon</title>
<meta content="width=device-width,initial-scale=1" 
2026-04-02 07:03:18,378 [WARNING] SyndicationEngine —   ⚠️  All platforms failed for item — NOT marking as posted (will retry next run)
2026-04-02 07:03:18,378 [INFO] SyndicationEngine — ── Syndicating: CVE-2026-34446 - ONNX: Arbitrary File Read via ExternalData ...
2026-04-02 07:03:18,378 [ERROR] LinkedIn — LinkedIn request exception: Invalid leading whitespace, reserved character(s), or return character(s) in header value: 'Bearer LINKEDIN_ACCESS_TOKEN\nAQWq2g0eBoORKGYAiqiSs_6J99dYBl9WFUai1tyKUs775viafigF4qNIjcvWjNo3kcMW5XtPBH7Msxs6bLwOnUUKCbqz3GEoH1KKBD42NoZR_jhlf3cbQTWyLZGwCXwgTibe_S7MMJA4Hd7RG7fXwKRpiMLPqkvKi98fKPGcRjBAVbnVewGCZWDtm9-1Zs4K-ZQgy4P1ZIOFlxHAkNtiAQDZBbUmpA39eDrizUhcSLpmI-b22Yrh_feLlSshnOos6obelJZA2rkC3n_xqu8sxYsvbzjlkEizfb8gO4uELVlH1HIgDIN6BIXzQh41PKKpz4yNIGuGHkeBGdTpXs4IGfpl3XAuAg'
2026-04-02 07:03:18,378 [WARNING] SyndicationEngine —   ⚠️  LINKEDIN: Failed — Invalid leading whitespace, reserved character(s), or return character(s) in header value: 'Bearer LINKEDIN_ACCESS_TOKEN\nAQWq2g0eBoORKGYAiqiSs_6J99dYBl9WFUai1tyKUs775viafigF4qNIjcvWjNo3kcMW5XtPBH7Msxs6bLwOnUUKCbqz3GEoH1KKBD42NoZR_jhlf3cbQTWyLZGwCXwgTibe_S7MMJA4Hd7RG7fXwKRpiMLPqkvKi98fKPGcRjBAVbnVewGCZWDtm9-1Zs4K-ZQgy4P1ZIOFlxHAkNtiAQDZBbUmpA39eDrizUhcSLpmI-b22Yrh_feLlSshnOos6obelJZA2rkC3n_xqu8sxYsvbzjlkEizfb8gO4uELVlH1HIgDIN6BIXzQh41PKKpz4yNIGuGHkeBGdTpXs4IGfpl3XAuAg'
2026-04-02 07:03:18,672 [ERROR] Mastodon — Mastodon post failed: HTTP 404: <!DOCTYPE html>
<html data-color-scheme="auto" data-contrast="auto" lang="en">
<head>
<meta content="text/html; charset=UTF-8" http-equiv="Content-Type">
<meta charset="utf-8">
<title>The page you are looking for isn&#39;t here.
 - Mastodon</title>
<meta content="width=device-width,initial-scale=1" 
2026-04-02 07:03:18,673 [WARNING] SyndicationEngine —   ⚠️  MASTODON: Failed — HTTP 404: <!DOCTYPE html>
<html data-color-scheme="auto" data-contrast="auto" lang="en">
<head>
<meta content="text/html; charset=UTF-8" http-equiv="Content-Type">
<meta charset="utf-8">
<title>The page you are looking for isn&#39;t here.
 - Mastodon</title>
<meta content="width=device-width,initial-scale=1" 
2026-04-02 07:03:18,673 [WARNING] SyndicationEngine —   ⚠️  All platforms failed for item — NOT marking as posted (will retry next run)
2026-04-02 07:03:18,673 [INFO] SyndicationEngine — ── Syndicating: Why we&amp;#8217;re still not doing April Fools&amp;#8217; D...
2026-04-02 07:03:18,674 [ERROR] LinkedIn — LinkedIn request exception: Invalid leading whitespace, reserved character(s), or return character(s) in header value: 'Bearer LINKEDIN_ACCESS_TOKEN\nAQWq2g0eBoORKGYAiqiSs_6J99dYBl9WFUai1tyKUs775viafigF4qNIjcvWjNo3kcMW5XtPBH7Msxs6bLwOnUUKCbqz3GEoH1KKBD42NoZR_jhlf3cbQTWyLZGwCXwgTibe_S7MMJA4Hd7RG7fXwKRpiMLPqkvKi98fKPGcRjBAVbnVewGCZWDtm9-1Zs4K-ZQgy4P1ZIOFlxHAkNtiAQDZBbUmpA39eDrizUhcSLpmI-b22Yrh_feLlSshnOos6obelJZA2rkC3n_xqu8sxYsvbzjlkEizfb8gO4uELVlH1HIgDIN6BIXzQh41PKKpz4yNIGuGHkeBGdTpXs4IGfpl3XAuAg'
2026-04-02 07:03:18,674 [WARNING] SyndicationEngine —   ⚠️  LINKEDIN: Failed — Invalid leading whitespace, reserved character(s), or return character(s) in header value: 'Bearer LINKEDIN_ACCESS_TOKEN\nAQWq2g0eBoORKGYAiqiSs_6J99dYBl9WFUai1tyKUs775viafigF4qNIjcvWjNo3kcMW5XtPBH7Msxs6bLwOnUUKCbqz3GEoH1KKBD42NoZR_jhlf3cbQTWyLZGwCXwgTibe_S7MMJA4Hd7RG7fXwKRpiMLPqkvKi98fKPGcRjBAVbnVewGCZWDtm9-1Zs4K-ZQgy4P1ZIOFlxHAkNtiAQDZBbUmpA39eDrizUhcSLpmI-b22Yrh_feLlSshnOos6obelJZA2rkC3n_xqu8sxYsvbzjlkEizfb8gO4uELVlH1HIgDIN6BIXzQh41PKKpz4yNIGuGHkeBGdTpXs4IGfpl3XAuAg'
2026-04-02 07:03:18,988 [ERROR] Mastodon — Mastodon post failed: HTTP 404: <!DOCTYPE html>
<html data-color-scheme="auto" data-contrast="auto" lang="en">
<head>
<meta content="text/html; charset=UTF-8" http-equiv="Content-Type">
<meta charset="utf-8">
<title>The page you are looking for isn&#39;t here.
 - Mastodon</title>
<meta content="width=device-width,initial-scale=1" 
2026-04-02 07:03:18,989 [WARNING] SyndicationEngine —   ⚠️  MASTODON: Failed — HTTP 404: <!DOCTYPE html>
<html data-color-scheme="auto" data-contrast="auto" lang="en">
<head>
<meta content="text/html; charset=UTF-8" http-equiv="Content-Type">
<meta charset="utf-8">
<title>The page you are looking for isn&#39;t here.
 - Mastodon</title>
<meta content="width=device-width,initial-scale=1" 
2026-04-02 07:03:18,989 [WARNING] SyndicationEngine —   ⚠️  All platforms failed for item — NOT marking as posted (will retry next run)
2026-04-02 07:03:18,989 [INFO] SyndicationEngine — ── Syndicating: Google fixes fourth actively exploited Chrome zero-day of 20...
2026-04-02 07:03:18,990 [ERROR] LinkedIn — LinkedIn request exception: Invalid leading whitespace, reserved character(s), or return character(s) in header value: 'Bearer LINKEDIN_ACCESS_TOKEN\nAQWq2g0eBoORKGYAiqiSs_6J99dYBl9WFUai1tyKUs775viafigF4qNIjcvWjNo3kcMW5XtPBH7Msxs6bLwOnUUKCbqz3GEoH1KKBD42NoZR_jhlf3cbQTWyLZGwCXwgTibe_S7MMJA4Hd7RG7fXwKRpiMLPqkvKi98fKPGcRjBAVbnVewGCZWDtm9-1Zs4K-ZQgy4P1ZIOFlxHAkNtiAQDZBbUmpA39eDrizUhcSLpmI-b22Yrh_feLlSshnOos6obelJZA2rkC3n_xqu8sxYsvbzjlkEizfb8gO4uELVlH1HIgDIN6BIXzQh41PKKpz4yNIGuGHkeBGdTpXs4IGfpl3XAuAg'
2026-04-02 07:03:18,990 [WARNING] SyndicationEngine —   ⚠️  LINKEDIN: Failed — Invalid leading whitespace, reserved character(s), or return character(s) in header value: 'Bearer LINKEDIN_ACCESS_TOKEN\nAQWq2g0eBoORKGYAiqiSs_6J99dYBl9WFUai1tyKUs775viafigF4qNIjcvWjNo3kcMW5XtPBH7Msxs6bLwOnUUKCbqz3GEoH1KKBD42NoZR_jhlf3cbQTWyLZGwCXwgTibe_S7MMJA4Hd7RG7fXwKRpiMLPqkvKi98fKPGcRjBAVbnVewGCZWDtm9-1Zs4K-ZQgy4P1ZIOFlxHAkNtiAQDZBbUmpA39eDrizUhcSLpmI-b22Yrh_feLlSshnOos6obelJZA2rkC3n_xqu8sxYsvbzjlkEizfb8gO4uELVlH1HIgDIN6BIXzQh41PKKpz4yNIGuGHkeBGdTpXs4IGfpl3XAuAg'
2026-04-02 07:03:19,285 [ERROR] Mastodon — Mastodon post failed: HTTP 404: <!DOCTYPE html>
<html data-color-scheme="auto" data-contrast="auto" lang="en">
<head>
<meta content="text/html; charset=UTF-8" http-equiv="Content-Type">
<meta charset="utf-8">
<title>The page you are looking for isn&#39;t here.
 - Mastodon</title>
<meta content="width=device-width,initial-scale=1" 
2026-04-02 07:03:19,287 [WARNING] SyndicationEngine —   ⚠️  MASTODON: Failed — HTTP 404: <!DOCTYPE html>
<html data-color-scheme="auto" data-contrast="auto" lang="en">
<head>
<meta content="text/html; charset=UTF-8" http-equiv="Content-Type">
<meta charset="utf-8">
<title>The page you are looking for isn&#39;t here.
 - Mastodon</title>
<meta content="width=device-width,initial-scale=1" 
2026-04-02 07:03:19,287 [WARNING] SyndicationEngine —   ⚠️  All platforms failed for item — NOT marking as posted (will retry next run)
2026-04-02 07:03:19,287 [INFO] SyndicationEngine — ── Syndicating: Why we&amp;#8217;re still not doing April Fools&amp;#8217; D...
2026-04-02 07:03:19,287 [ERROR] LinkedIn — LinkedIn request exception: Invalid leading whitespace, reserved character(s), or return character(s) in header value: 'Bearer LINKEDIN_ACCESS_TOKEN\nAQWq2g0eBoORKGYAiqiSs_6J99dYBl9WFUai1tyKUs775viafigF4qNIjcvWjNo3kcMW5XtPBH7Msxs6bLwOnUUKCbqz3GEoH1KKBD42NoZR_jhlf3cbQTWyLZGwCXwgTibe_S7MMJA4Hd7RG7fXwKRpiMLPqkvKi98fKPGcRjBAVbnVewGCZWDtm9-1Zs4K-ZQgy4P1ZIOFlxHAkNtiAQDZBbUmpA39eDrizUhcSLpmI-b22Yrh_feLlSshnOos6obelJZA2rkC3n_xqu8sxYsvbzjlkEizfb8gO4uELVlH1HIgDIN6BIXzQh41PKKpz4yNIGuGHkeBGdTpXs4IGfpl3XAuAg'
2026-04-02 07:03:19,287 [WARNING] SyndicationEngine —   ⚠️  LINKEDIN: Failed — Invalid leading whitespace, reserved character(s), or return character(s) in header value: 'Bearer LINKEDIN_ACCESS_TOKEN\nAQWq2g0eBoORKGYAiqiSs_6J99dYBl9WFUai1tyKUs775viafigF4qNIjcvWjNo3kcMW5XtPBH7Msxs6bLwOnUUKCbqz3GEoH1KKBD42NoZR_jhlf3cbQTWyLZGwCXwgTibe_S7MMJA4Hd7RG7fXwKRpiMLPqkvKi98fKPGcRjBAVbnVewGCZWDtm9-1Zs4K-ZQgy4P1ZIOFlxHAkNtiAQDZBbUmpA39eDrizUhcSLpmI-b22Yrh_feLlSshnOos6obelJZA2rkC3n_xqu8sxYsvbzjlkEizfb8gO4uELVlH1HIgDIN6BIXzQh41PKKpz4yNIGuGHkeBGdTpXs4IGfpl3XAuAg'
2026-04-02 07:03:19,665 [ERROR] Mastodon — Mastodon post failed: HTTP 404: <!DOCTYPE html>
<html data-color-scheme="auto" data-contrast="auto" lang="en">
<head>
<meta content="text/html; charset=UTF-8" http-equiv="Content-Type">
<meta charset="utf-8">
<title>The page you are looking for isn&#39;t here.
 - Mastodon</title>
<meta content="width=device-width,initial-scale=1" 
2026-04-02 07:03:19,666 [WARNING] SyndicationEngine —   ⚠️  MASTODON: Failed — HTTP 404: <!DOCTYPE html>
<html data-color-scheme="auto" data-contrast="auto" lang="en">
<head>
<meta content="text/html; charset=UTF-8" http-equiv="Content-Type">
<meta charset="utf-8">
<title>The page you are looking for isn&#39;t here.
 - Mastodon</title>
<meta content="width=device-width,initial-scale=1" 
2026-04-02 07:03:19,666 [WARNING] SyndicationEngine —   ⚠️  All platforms failed for item — NOT marking as posted (will retry next run)
2026-04-02 07:03:19,666 [INFO] SyndicationEngine — ── Syndicating: Vim Modeline Bypass Vulnerability Let Attackers Execute Arbi...
2026-04-02 07:03:19,667 [ERROR] LinkedIn — LinkedIn request exception: Invalid leading whitespace, reserved character(s), or return character(s) in header value: 'Bearer LINKEDIN_ACCESS_TOKEN\nAQWq2g0eBoORKGYAiqiSs_6J99dYBl9WFUai1tyKUs775viafigF4qNIjcvWjNo3kcMW5XtPBH7Msxs6bLwOnUUKCbqz3GEoH1KKBD42NoZR_jhlf3cbQTWyLZGwCXwgTibe_S7MMJA4Hd7RG7fXwKRpiMLPqkvKi98fKPGcRjBAVbnVewGCZWDtm9-1Zs4K-ZQgy4P1ZIOFlxHAkNtiAQDZBbUmpA39eDrizUhcSLpmI-b22Yrh_feLlSshnOos6obelJZA2rkC3n_xqu8sxYsvbzjlkEizfb8gO4uELVlH1HIgDIN6BIXzQh41PKKpz4yNIGuGHkeBGdTpXs4IGfpl3XAuAg'
2026-04-02 07:03:19,667 [WARNING] SyndicationEngine —   ⚠️  LINKEDIN: Failed — Invalid leading whitespace, reserved character(s), or return character(s) in header value: 'Bearer LINKEDIN_ACCESS_TOKEN\nAQWq2g0eBoORKGYAiqiSs_6J99dYBl9WFUai1tyKUs775viafigF4qNIjcvWjNo3kcMW5XtPBH7Msxs6bLwOnUUKCbqz3GEoH1KKBD42NoZR_jhlf3cbQTWyLZGwCXwgTibe_S7MMJA4Hd7RG7fXwKRpiMLPqkvKi98fKPGcRjBAVbnVewGCZWDtm9-1Zs4K-ZQgy4P1ZIOFlxHAkNtiAQDZBbUmpA39eDrizUhcSLpmI-b22Yrh_feLlSshnOos6obelJZA2rkC3n_xqu8sxYsvbzjlkEizfb8gO4uELVlH1HIgDIN6BIXzQh41PKKpz4yNIGuGHkeBGdTpXs4IGfpl3XAuAg'
2026-04-02 07:03:19,921 [ERROR] Mastodon — Mastodon post failed: HTTP 404: <!DOCTYPE html>
<html data-color-scheme="auto" data-contrast="auto" lang="en">
<head>
<meta content="text/html; charset=UTF-8" http-equiv="Content-Type">
<meta charset="utf-8">
<title>The page you are looking for isn&#39;t here.
 - Mastodon</title>
<meta content="width=device-width,initial-scale=1" 
2026-04-02 07:03:19,922 [WARNING] SyndicationEngine —   ⚠️  MASTODON: Failed — HTTP 404: <!DOCTYPE html>
<html data-color-scheme="auto" data-contrast="auto" lang="en">
<head>
<meta content="text/html; charset=UTF-8" http-equiv="Content-Type">
<meta charset="utf-8">
<title>The page you are looking for isn&#39;t here.
 - Mastodon</title>
<meta content="width=device-width,initial-scale=1" 
2026-04-02 07:03:19,922 [WARNING] SyndicationEngine —   ⚠️  All platforms failed for item — NOT marking as posted (will retry next run)
2026-04-02 07:03:19,922 [INFO] SyndicationEngine — ── Syndicating: Public PoC Exploit Released for Nginx-UI Backup Restore Vuln...
2026-04-02 07:03:19,922 [ERROR] LinkedIn — LinkedIn request exception: Invalid leading whitespace, reserved character(s), or return character(s) in header value: 'Bearer LINKEDIN_ACCESS_TOKEN\nAQWq2g0eBoORKGYAiqiSs_6J99dYBl9WFUai1tyKUs775viafigF4qNIjcvWjNo3kcMW5XtPBH7Msxs6bLwOnUUKCbqz3GEoH1KKBD42NoZR_jhlf3cbQTWyLZGwCXwgTibe_S7MMJA4Hd7RG7fXwKRpiMLPqkvKi98fKPGcRjBAVbnVewGCZWDtm9-1Zs4K-ZQgy4P1ZIOFlxHAkNtiAQDZBbUmpA39eDrizUhcSLpmI-b22Yrh_feLlSshnOos6obelJZA2rkC3n_xqu8sxYsvbzjlkEizfb8gO4uELVlH1HIgDIN6BIXzQh41PKKpz4yNIGuGHkeBGdTpXs4IGfpl3XAuAg'
2026-04-02 07:03:19,923 [WARNING] SyndicationEngine —   ⚠️  LINKEDIN: Failed — Invalid leading whitespace, reserved character(s), or return character(s) in header value: 'Bearer LINKEDIN_ACCESS_TOKEN\nAQWq2g0eBoORKGYAiqiSs_6J99dYBl9WFUai1tyKUs775viafigF4qNIjcvWjNo3kcMW5XtPBH7Msxs6bLwOnUUKCbqz3GEoH1KKBD42NoZR_jhlf3cbQTWyLZGwCXwgTibe_S7MMJA4Hd7RG7fXwKRpiMLPqkvKi98fKPGcRjBAVbnVewGCZWDtm9-1Zs4K-ZQgy4P1ZIOFlxHAkNtiAQDZBbUmpA39eDrizUhcSLpmI-b22Yrh_feLlSshnOos6obelJZA2rkC3n_xqu8sxYsvbzjlkEizfb8gO4uELVlH1HIgDIN6BIXzQh41PKKpz4yNIGuGHkeBGdTpXs4IGfpl3XAuAg'
2026-04-02 07:03:20,172 [ERROR] Mastodon — Mastodon post failed: HTTP 404: <!DOCTYPE html>
<html data-color-scheme="auto" data-contrast="auto" lang="en">
<head>
<meta content="text/html; charset=UTF-8" http-equiv="Content-Type">
<meta charset="utf-8">
<title>The page you are looking for isn&#39;t here.
 - Mastodon</title>
<meta content="width=device-width,initial-scale=1" 
2026-04-02 07:03:20,173 [WARNING] SyndicationEngine —   ⚠️  MASTODON: Failed — HTTP 404: <!DOCTYPE html>
<html data-color-scheme="auto" data-contrast="auto" lang="en">
<head>
<meta content="text/html; charset=UTF-8" http-equiv="Content-Type">
<meta charset="utf-8">
<title>The page you are looking for isn&#39;t here.
 - Mastodon</title>
<meta content="width=device-width,initial-scale=1" 
2026-04-02 07:03:20,173 [WARNING] SyndicationEngine —   ⚠️  All platforms failed for item — NOT marking as posted (will retry next run)
2026-04-02 07:03:20,174 [INFO] SyndicationEngine — ── Syndicating: Microsoft to Remove EXIF Data for Images Shared on Teams...
2026-04-02 07:03:20,174 [ERROR] LinkedIn — LinkedIn request exception: Invalid leading whitespace, reserved character(s), or return character(s) in header value: 'Bearer LINKEDIN_ACCESS_TOKEN\nAQWq2g0eBoORKGYAiqiSs_6J99dYBl9WFUai1tyKUs775viafigF4qNIjcvWjNo3kcMW5XtPBH7Msxs6bLwOnUUKCbqz3GEoH1KKBD42NoZR_jhlf3cbQTWyLZGwCXwgTibe_S7MMJA4Hd7RG7fXwKRpiMLPqkvKi98fKPGcRjBAVbnVewGCZWDtm9-1Zs4K-ZQgy4P1ZIOFlxHAkNtiAQDZBbUmpA39eDrizUhcSLpmI-b22Yrh_feLlSshnOos6obelJZA2rkC3n_xqu8sxYsvbzjlkEizfb8gO4uELVlH1HIgDIN6BIXzQh41PKKpz4yNIGuGHkeBGdTpXs4IGfpl3XAuAg'
2026-04-02 07:03:20,174 [WARNING] SyndicationEngine —   ⚠️  LINKEDIN: Failed — Invalid leading whitespace, reserved character(s), or return character(s) in header value: 'Bearer LINKEDIN_ACCESS_TOKEN\nAQWq2g0eBoORKGYAiqiSs_6J99dYBl9WFUai1tyKUs775viafigF4qNIjcvWjNo3kcMW5XtPBH7Msxs6bLwOnUUKCbqz3GEoH1KKBD42NoZR_jhlf3cbQTWyLZGwCXwgTibe_S7MMJA4Hd7RG7fXwKRpiMLPqkvKi98fKPGcRjBAVbnVewGCZWDtm9-1Zs4K-ZQgy4P1ZIOFlxHAkNtiAQDZBbUmpA39eDrizUhcSLpmI-b22Yrh_feLlSshnOos6obelJZA2rkC3n_xqu8sxYsvbzjlkEizfb8gO4uELVlH1HIgDIN6BIXzQh41PKKpz4yNIGuGHkeBGdTpXs4IGfpl3XAuAg'
2026-04-02 07:03:20,429 [ERROR] Mastodon — Mastodon post failed: HTTP 404: <!DOCTYPE html>
<html data-color-scheme="auto" data-contrast="auto" lang="en">
<head>
<meta content="text/html; charset=UTF-8" http-equiv="Content-Type">
<meta charset="utf-8">
<title>The page you are looking for isn&#39;t here.
 - Mastodon</title>
<meta content="width=device-width,initial-scale=1" 
2026-04-02 07:03:20,430 [WARNING] SyndicationEngine —   ⚠️  MASTODON: Failed — HTTP 404: <!DOCTYPE html>
<html data-color-scheme="auto" data-contrast="auto" lang="en">
<head>
<meta content="text/html; charset=UTF-8" http-equiv="Content-Type">
<meta charset="utf-8">
<title>The page you are looking for isn&#39;t here.
 - Mastodon</title>
<meta content="width=device-width,initial-scale=1" 
2026-04-02 07:03:20,430 [WARNING] SyndicationEngine —   ⚠️  All platforms failed for item — NOT marking as posted (will retry next run)
2026-04-02 07:03:20,430 [INFO] SyndicationEngine — ── Syndicating: CVE-2026-5317 - Nothings stb stb_vorbis.c start_decoder out-...
2026-04-02 07:03:20,431 [ERROR] LinkedIn — LinkedIn request exception: Invalid leading whitespace, reserved character(s), or return character(s) in header value: 'Bearer LINKEDIN_ACCESS_TOKEN\nAQWq2g0eBoORKGYAiqiSs_6J99dYBl9WFUai1tyKUs775viafigF4qNIjcvWjNo3kcMW5XtPBH7Msxs6bLwOnUUKCbqz3GEoH1KKBD42NoZR_jhlf3cbQTWyLZGwCXwgTibe_S7MMJA4Hd7RG7fXwKRpiMLPqkvKi98fKPGcRjBAVbnVewGCZWDtm9-1Zs4K-ZQgy4P1ZIOFlxHAkNtiAQDZBbUmpA39eDrizUhcSLpmI-b22Yrh_feLlSshnOos6obelJZA2rkC3n_xqu8sxYsvbzjlkEizfb8gO4uELVlH1HIgDIN6BIXzQh41PKKpz4yNIGuGHkeBGdTpXs4IGfpl3XAuAg'
2026-04-02 07:03:20,431 [WARNING] SyndicationEngine —   ⚠️  LINKEDIN: Failed — Invalid leading whitespace, reserved character(s), or return character(s) in header value: 'Bearer LINKEDIN_ACCESS_TOKEN\nAQWq2g0eBoORKGYAiqiSs_6J99dYBl9WFUai1tyKUs775viafigF4qNIjcvWjNo3kcMW5XtPBH7Msxs6bLwOnUUKCbqz3GEoH1KKBD42NoZR_jhlf3cbQTWyLZGwCXwgTibe_S7MMJA4Hd7RG7fXwKRpiMLPqkvKi98fKPGcRjBAVbnVewGCZWDtm9-1Zs4K-ZQgy4P1ZIOFlxHAkNtiAQDZBbUmpA39eDrizUhcSLpmI-b22Yrh_feLlSshnOos6obelJZA2rkC3n_xqu8sxYsvbzjlkEizfb8gO4uELVlH1HIgDIN6BIXzQh41PKKpz4yNIGuGHkeBGdTpXs4IGfpl3XAuAg'
2026-04-02 07:03:20,703 [ERROR] Mastodon — Mastodon post failed: HTTP 404: <!DOCTYPE html>
<html data-color-scheme="auto" data-contrast="auto" lang="en">
<head>
<meta content="text/html; charset=UTF-8" http-equiv="Content-Type">
<meta charset="utf-8">
<title>The page you are looking for isn&#39;t here.
 - Mastodon</title>
<meta content="width=device-width,initial-scale=1" 
2026-04-02 07:03:20,704 [WARNING] SyndicationEngine —   ⚠️  MASTODON: Failed — HTTP 404: <!DOCTYPE html>
<html data-color-scheme="auto" data-contrast="auto" lang="en">
<head>
<meta content="text/html; charset=UTF-8" http-equiv="Content-Type">
<meta charset="utf-8">
<title>The page you are looking for isn&#39;t here.
 - Mastodon</title>
<meta content="width=device-width,initial-scale=1" 
2026-04-02 07:03:20,704 [WARNING] SyndicationEngine —   ⚠️  All platforms failed for item — NOT marking as posted (will retry next run)
2026-04-02 07:03:20,704 [INFO] SyndicationEngine — ── Syndicating: CVE-2026-5316 - Nothings stb stb_vorbis.c setup_free allocat...
2026-04-02 07:03:20,704 [ERROR] LinkedIn — LinkedIn request exception: Invalid leading whitespace, reserved character(s), or return character(s) in header value: 'Bearer LINKEDIN_ACCESS_TOKEN\nAQWq2g0eBoORKGYAiqiSs_6J99dYBl9WFUai1tyKUs775viafigF4qNIjcvWjNo3kcMW5XtPBH7Msxs6bLwOnUUKCbqz3GEoH1KKBD42NoZR_jhlf3cbQTWyLZGwCXwgTibe_S7MMJA4Hd7RG7fXwKRpiMLPqkvKi98fKPGcRjBAVbnVewGCZWDtm9-1Zs4K-ZQgy4P1ZIOFlxHAkNtiAQDZBbUmpA39eDrizUhcSLpmI-b22Yrh_feLlSshnOos6obelJZA2rkC3n_xqu8sxYsvbzjlkEizfb8gO4uELVlH1HIgDIN6BIXzQh41PKKpz4yNIGuGHkeBGdTpXs4IGfpl3XAuAg'
2026-04-02 07:03:20,705 [WARNING] SyndicationEngine —   ⚠️  LINKEDIN: Failed — Invalid leading whitespace, reserved character(s), or return character(s) in header value: 'Bearer LINKEDIN_ACCESS_TOKEN\nAQWq2g0eBoORKGYAiqiSs_6J99dYBl9WFUai1tyKUs775viafigF4qNIjcvWjNo3kcMW5XtPBH7Msxs6bLwOnUUKCbqz3GEoH1KKBD42NoZR_jhlf3cbQTWyLZGwCXwgTibe_S7MMJA4Hd7RG7fXwKRpiMLPqkvKi98fKPGcRjBAVbnVewGCZWDtm9-1Zs4K-ZQgy4P1ZIOFlxHAkNtiAQDZBbUmpA39eDrizUhcSLpmI-b22Yrh_feLlSshnOos6obelJZA2rkC3n_xqu8sxYsvbzjlkEizfb8gO4uELVlH1HIgDIN6BIXzQh41PKKpz4yNIGuGHkeBGdTpXs4IGfpl3XAuAg'
2026-04-02 07:03:20,934 [ERROR] Mastodon — Mastodon post failed: HTTP 404: <!DOCTYPE html>
<html data-color-scheme="auto" data-contrast="auto" lang="en">
<head>
<meta content="text/html; charset=UTF-8" http-equiv="Content-Type">
<meta charset="utf-8">
<title>The page you are looking for isn&#39;t here.
 - Mastodon</title>
<meta content="width=device-width,initial-scale=1" 
2026-04-02 07:03:20,935 [WARNING] SyndicationEngine —   ⚠️  MASTODON: Failed — HTTP 404: <!DOCTYPE html>
<html data-color-scheme="auto" data-contrast="auto" lang="en">
<head>
<meta content="text/html; charset=UTF-8" http-equiv="Content-Type">
<meta charset="utf-8">
<title>The page you are looking for isn&#39;t here.
 - Mastodon</title>
<meta content="width=device-width,initial-scale=1" 
2026-04-02 07:03:20,935 [WARNING] SyndicationEngine —   ⚠️  All platforms failed for item — NOT marking as posted (will retry next run)
2026-04-02 07:03:20,935 [INFO] SyndicationEngine — ── Syndicating: CVE-2026-5315 - Nothings stb TTF File stb_truetype.h stbtt__...
2026-04-02 07:03:20,936 [ERROR] LinkedIn — LinkedIn request exception: Invalid leading whitespace, reserved character(s), or return character(s) in header value: 'Bearer LINKEDIN_ACCESS_TOKEN\nAQWq2g0eBoORKGYAiqiSs_6J99dYBl9WFUai1tyKUs775viafigF4qNIjcvWjNo3kcMW5XtPBH7Msxs6bLwOnUUKCbqz3GEoH1KKBD42NoZR_jhlf3cbQTWyLZGwCXwgTibe_S7MMJA4Hd7RG7fXwKRpiMLPqkvKi98fKPGcRjBAVbnVewGCZWDtm9-1Zs4K-ZQgy4P1ZIOFlxHAkNtiAQDZBbUmpA39eDrizUhcSLpmI-b22Yrh_feLlSshnOos6obelJZA2rkC3n_xqu8sxYsvbzjlkEizfb8gO4uELVlH1HIgDIN6BIXzQh41PKKpz4yNIGuGHkeBGdTpXs4IGfpl3XAuAg'
2026-04-02 07:03:20,936 [WARNING] SyndicationEngine —   ⚠️  LINKEDIN: Failed — Invalid leading whitespace, reserved character(s), or return character(s) in header value: 'Bearer LINKEDIN_ACCESS_TOKEN\nAQWq2g0eBoORKGYAiqiSs_6J99dYBl9WFUai1tyKUs775viafigF4qNIjcvWjNo3kcMW5XtPBH7Msxs6bLwOnUUKCbqz3GEoH1KKBD42NoZR_jhlf3cbQTWyLZGwCXwgTibe_S7MMJA4Hd7RG7fXwKRpiMLPqkvKi98fKPGcRjBAVbnVewGCZWDtm9-1Zs4K-ZQgy4P1ZIOFlxHAkNtiAQDZBbUmpA39eDrizUhcSLpmI-b22Yrh_feLlSshnOos6obelJZA2rkC3n_xqu8sxYsvbzjlkEizfb8gO4uELVlH1HIgDIN6BIXzQh41PKKpz4yNIGuGHkeBGdTpXs4IGfpl3XAuAg'
2026-04-02 07:03:21,171 [ERROR] Mastodon — Mastodon post failed: HTTP 404: <!DOCTYPE html>
<html data-color-scheme="auto" data-contrast="auto" lang="en">
<head>
<meta content="text/html; charset=UTF-8" http-equiv="Content-Type">
<meta charset="utf-8">
<title>The page you are looking for isn&#39;t here.
 - Mastodon</title>
<meta content="width=device-width,initial-scale=1" 
2026-04-02 07:03:21,173 [WARNING] SyndicationEngine —   ⚠️  MASTODON: Failed — HTTP 404: <!DOCTYPE html>
<html data-color-scheme="auto" data-contrast="auto" lang="en">
<head>
<meta content="text/html; charset=UTF-8" http-equiv="Content-Type">
<meta charset="utf-8">
<title>The page you are looking for isn&#39;t here.
 - Mastodon</title>
<meta content="width=device-width,initial-scale=1" 
2026-04-02 07:03:21,173 [WARNING] SyndicationEngine —   ⚠️  All platforms failed for item — NOT marking as posted (will retry next run)
2026-04-02 07:03:21,173 [INFO] SyndicationEngine — ── Syndicating: CVE-2026-21767 - HCL BigFix Platform is affected by insuffic...
2026-04-02 07:03:21,173 [ERROR] LinkedIn — LinkedIn request exception: Invalid leading whitespace, reserved character(s), or return character(s) in header value: 'Bearer LINKEDIN_ACCESS_TOKEN\nAQWq2g0eBoORKGYAiqiSs_6J99dYBl9WFUai1tyKUs775viafigF4qNIjcvWjNo3kcMW5XtPBH7Msxs6bLwOnUUKCbqz3GEoH1KKBD42NoZR_jhlf3cbQTWyLZGwCXwgTibe_S7MMJA4Hd7RG7fXwKRpiMLPqkvKi98fKPGcRjBAVbnVewGCZWDtm9-1Zs4K-ZQgy4P1ZIOFlxHAkNtiAQDZBbUmpA39eDrizUhcSLpmI-b22Yrh_feLlSshnOos6obelJZA2rkC3n_xqu8sxYsvbzjlkEizfb8gO4uELVlH1HIgDIN6BIXzQh41PKKpz4yNIGuGHkeBGdTpXs4IGfpl3XAuAg'
2026-04-02 07:03:21,173 [WARNING] SyndicationEngine —   ⚠️  LINKEDIN: Failed — Invalid leading whitespace, reserved character(s), or return character(s) in header value: 'Bearer LINKEDIN_ACCESS_TOKEN\nAQWq2g0eBoORKGYAiqiSs_6J99dYBl9WFUai1tyKUs775viafigF4qNIjcvWjNo3kcMW5XtPBH7Msxs6bLwOnUUKCbqz3GEoH1KKBD42NoZR_jhlf3cbQTWyLZGwCXwgTibe_S7MMJA4Hd7RG7fXwKRpiMLPqkvKi98fKPGcRjBAVbnVewGCZWDtm9-1Zs4K-ZQgy4P1ZIOFlxHAkNtiAQDZBbUmpA39eDrizUhcSLpmI-b22Yrh_feLlSshnOos6obelJZA2rkC3n_xqu8sxYsvbzjlkEizfb8gO4uELVlH1HIgDIN6BIXzQh41PKKpz4yNIGuGHkeBGdTpXs4IGfpl3XAuAg'
2026-04-02 07:03:21,389 [ERROR] Mastodon — Mastodon post failed: HTTP 404: <!DOCTYPE html>
<html data-color-scheme="auto" data-contrast="auto" lang="en">
<head>
<meta content="text/html; charset=UTF-8" http-equiv="Content-Type">
<meta charset="utf-8">
<title>The page you are looking for isn&#39;t here.
 - Mastodon</title>
<meta content="width=device-width,initial-scale=1" 
2026-04-02 07:03:21,391 [WARNING] SyndicationEngine —   ⚠️  MASTODON: Failed — HTTP 404: <!DOCTYPE html>
<html data-color-scheme="auto" data-contrast="auto" lang="en">
<head>
<meta content="text/html; charset=UTF-8" http-equiv="Content-Type">
<meta charset="utf-8">
<title>The page you are looking for isn&#39;t here.
 - Mastodon</title>
<meta content="width=device-width,initial-scale=1" 
2026-04-02 07:03:21,391 [WARNING] SyndicationEngine —   ⚠️  All platforms failed for item — NOT marking as posted (will retry next run)
2026-04-02 07:03:21,391 [INFO] SyndicationEngine — ── Syndicating: CVE-2026-21765 - HCL BigFix Platform is affected by insecure...
2026-04-02 07:03:21,391 [ERROR] LinkedIn — LinkedIn request exception: Invalid leading whitespace, reserved character(s), or return character(s) in header value: 'Bearer LINKEDIN_ACCESS_TOKEN\nAQWq2g0eBoORKGYAiqiSs_6J99dYBl9WFUai1tyKUs775viafigF4qNIjcvWjNo3kcMW5XtPBH7Msxs6bLwOnUUKCbqz3GEoH1KKBD42NoZR_jhlf3cbQTWyLZGwCXwgTibe_S7MMJA4Hd7RG7fXwKRpiMLPqkvKi98fKPGcRjBAVbnVewGCZWDtm9-1Zs4K-ZQgy4P1ZIOFlxHAkNtiAQDZBbUmpA39eDrizUhcSLpmI-b22Yrh_feLlSshnOos6obelJZA2rkC3n_xqu8sxYsvbzjlkEizfb8gO4uELVlH1HIgDIN6BIXzQh41PKKpz4yNIGuGHkeBGdTpXs4IGfpl3XAuAg'
2026-04-02 07:03:21,392 [WARNING] SyndicationEngine —   ⚠️  LINKEDIN: Failed — Invalid leading whitespace, reserved character(s), or return character(s) in header value: 'Bearer LINKEDIN_ACCESS_TOKEN\nAQWq2g0eBoORKGYAiqiSs_6J99dYBl9WFUai1tyKUs775viafigF4qNIjcvWjNo3kcMW5XtPBH7Msxs6bLwOnUUKCbqz3GEoH1KKBD42NoZR_jhlf3cbQTWyLZGwCXwgTibe_S7MMJA4Hd7RG7fXwKRpiMLPqkvKi98fKPGcRjBAVbnVewGCZWDtm9-1Zs4K-ZQgy4P1ZIOFlxHAkNtiAQDZBbUmpA39eDrizUhcSLpmI-b22Yrh_feLlSshnOos6obelJZA2rkC3n_xqu8sxYsvbzjlkEizfb8gO4uELVlH1HIgDIN6BIXzQh41PKKpz4yNIGuGHkeBGdTpXs4IGfpl3XAuAg'
2026-04-02 07:03:21,639 [ERROR] Mastodon — Mastodon post failed: HTTP 404: <!DOCTYPE html>
<html data-color-scheme="auto" data-contrast="auto" lang="en">
<head>
<meta content="text/html; charset=UTF-8" http-equiv="Content-Type">
<meta charset="utf-8">
<title>The page you are looking for isn&#39;t here.
 - Mastodon</title>
<meta content="width=device-width,initial-scale=1" 
2026-04-02 07:03:21,641 [WARNING] SyndicationEngine —   ⚠️  MASTODON: Failed — HTTP 404: <!DOCTYPE html>
<html data-color-scheme="auto" data-contrast="auto" lang="en">
<head>
<meta content="text/html; charset=UTF-8" http-equiv="Content-Type">
<meta charset="utf-8">
<title>The page you are looking for isn&#39;t here.
 - Mastodon</title>
<meta content="width=device-width,initial-scale=1" 
2026-04-02 07:03:21,641 [WARNING] SyndicationEngine —   ⚠️  All platforms failed for item — NOT marking as posted (will retry next run)
2026-04-02 07:03:21,641 [INFO] SyndicationEngine — ── Syndicating: The Shift: An Era of Quantum Geopolitics...
2026-04-02 07:03:21,641 [ERROR] LinkedIn — LinkedIn request exception: Invalid leading whitespace, reserved character(s), or return character(s) in header value: 'Bearer LINKEDIN_ACCESS_TOKEN\nAQWq2g0eBoORKGYAiqiSs_6J99dYBl9WFUai1tyKUs775viafigF4qNIjcvWjNo3kcMW5XtPBH7Msxs6bLwOnUUKCbqz3GEoH1KKBD42NoZR_jhlf3cbQTWyLZGwCXwgTibe_S7MMJA4Hd7RG7fXwKRpiMLPqkvKi98fKPGcRjBAVbnVewGCZWDtm9-1Zs4K-ZQgy4P1ZIOFlxHAkNtiAQDZBbUmpA39eDrizUhcSLpmI-b22Yrh_feLlSshnOos6obelJZA2rkC3n_xqu8sxYsvbzjlkEizfb8gO4uELVlH1HIgDIN6BIXzQh41PKKpz4yNIGuGHkeBGdTpXs4IGfpl3XAuAg'
2026-04-02 07:03:21,642 [WARNING] SyndicationEngine —   ⚠️  LINKEDIN: Failed — Invalid leading whitespace, reserved character(s), or return character(s) in header value: 'Bearer LINKEDIN_ACCESS_TOKEN\nAQWq2g0eBoORKGYAiqiSs_6J99dYBl9WFUai1tyKUs775viafigF4qNIjcvWjNo3kcMW5XtPBH7Msxs6bLwOnUUKCbqz3GEoH1KKBD42NoZR_jhlf3cbQTWyLZGwCXwgTibe_S7MMJA4Hd7RG7fXwKRpiMLPqkvKi98fKPGcRjBAVbnVewGCZWDtm9-1Zs4K-ZQgy4P1ZIOFlxHAkNtiAQDZBbUmpA39eDrizUhcSLpmI-b22Yrh_feLlSshnOos6obelJZA2rkC3n_xqu8sxYsvbzjlkEizfb8gO4uELVlH1HIgDIN6BIXzQh41PKKpz4yNIGuGHkeBGdTpXs4IGfpl3XAuAg'
2026-04-02 07:03:21,851 [ERROR] Mastodon — Mastodon post failed: HTTP 404: <!DOCTYPE html>
<html data-color-scheme="auto" data-contrast="auto" lang="en">
<head>
<meta content="text/html; charset=UTF-8" http-equiv="Content-Type">
<meta charset="utf-8">
<title>The page you are looking for isn&#39;t here.
 - Mastodon</title>
<meta content="width=device-width,initial-scale=1" 
2026-04-02 07:03:21,852 [WARNING] SyndicationEngine —   ⚠️  MASTODON: Failed — HTTP 404: <!DOCTYPE html>
<html data-color-scheme="auto" data-contrast="auto" lang="en">
<head>
<meta content="text/html; charset=UTF-8" http-equiv="Content-Type">
<meta charset="utf-8">
<title>The page you are looking for isn&#39;t here.
 - Mastodon</title>
<meta content="width=device-width,initial-scale=1" 
2026-04-02 07:03:21,852 [WARNING] SyndicationEngine —   ⚠️  All platforms failed for item — NOT marking as posted (will retry next run)
2026-04-02 07:03:21,852 [INFO] SyndicationEngine — ── Syndicating: Wikipedia&amp;#8217;s AI agent row likely just the beginning...
2026-04-02 07:03:21,852 [ERROR] LinkedIn — LinkedIn request exception: Invalid leading whitespace, reserved character(s), or return character(s) in header value: 'Bearer LINKEDIN_ACCESS_TOKEN\nAQWq2g0eBoORKGYAiqiSs_6J99dYBl9WFUai1tyKUs775viafigF4qNIjcvWjNo3kcMW5XtPBH7Msxs6bLwOnUUKCbqz3GEoH1KKBD42NoZR_jhlf3cbQTWyLZGwCXwgTibe_S7MMJA4Hd7RG7fXwKRpiMLPqkvKi98fKPGcRjBAVbnVewGCZWDtm9-1Zs4K-ZQgy4P1ZIOFlxHAkNtiAQDZBbUmpA39eDrizUhcSLpmI-b22Yrh_feLlSshnOos6obelJZA2rkC3n_xqu8sxYsvbzjlkEizfb8gO4uELVlH1HIgDIN6BIXzQh41PKKpz4yNIGuGHkeBGdTpXs4IGfpl3XAuAg'
2026-04-02 07:03:21,852 [WARNING] SyndicationEngine —   ⚠️  LINKEDIN: Failed — Invalid leading whitespace, reserved character(s), or return character(s) in header value: 'Bearer LINKEDIN_ACCESS_TOKEN\nAQWq2g0eBoORKGYAiqiSs_6J99dYBl9WFUai1tyKUs775viafigF4qNIjcvWjNo3kcMW5XtPBH7Msxs6bLwOnUUKCbqz3GEoH1KKBD42NoZR_jhlf3cbQTWyLZGwCXwgTibe_S7MMJA4Hd7RG7fXwKRpiMLPqkvKi98fKPGcRjBAVbnVewGCZWDtm9-1Zs4K-ZQgy4P1ZIOFlxHAkNtiAQDZBbUmpA39eDrizUhcSLpmI-b22Yrh_feLlSshnOos6obelJZA2rkC3n_xqu8sxYsvbzjlkEizfb8gO4uELVlH1HIgDIN6BIXzQh41PKKpz4yNIGuGHkeBGdTpXs4IGfpl3XAuAg'
2026-04-02 07:03:22,083 [ERROR] Mastodon — Mastodon post failed: HTTP 404: <!DOCTYPE html>
<html data-color-scheme="auto" data-contrast="auto" lang="en">
<head>
<meta content="text/html; charset=UTF-8" http-equiv="Content-Type">
<meta charset="utf-8">
<title>The page you are looking for isn&#39;t here.
 - Mastodon</title>
<meta content="width=device-width,initial-scale=1" 
2026-04-02 07:03:22,085 [WARNING] SyndicationEngine —   ⚠️  MASTODON: Failed — HTTP 404: <!DOCTYPE html>
<html data-color-scheme="auto" data-contrast="auto" lang="en">
<head>
<meta content="text/html; charset=UTF-8" http-equiv="Content-Type">
<meta charset="utf-8">
<title>The page you are looking for isn&#39;t here.
 - Mastodon</title>
<meta content="width=device-width,initial-scale=1" 
2026-04-02 07:03:22,085 [WARNING] SyndicationEngine —   ⚠️  All platforms failed for item — NOT marking as posted (will retry next run)
2026-04-02 07:03:22,085 [INFO] SyndicationEngine — ── Syndicating: Why we&amp;#8217;re still not doing April Fools&amp;#8217; D...
2026-04-02 07:03:22,085 [ERROR] LinkedIn — LinkedIn request exception: Invalid leading whitespace, reserved character(s), or return character(s) in header value: 'Bearer LINKEDIN_ACCESS_TOKEN\nAQWq2g0eBoORKGYAiqiSs_6J99dYBl9WFUai1tyKUs775viafigF4qNIjcvWjNo3kcMW5XtPBH7Msxs6bLwOnUUKCbqz3GEoH1KKBD42NoZR_jhlf3cbQTWyLZGwCXwgTibe_S7MMJA4Hd7RG7fXwKRpiMLPqkvKi98fKPGcRjBAVbnVewGCZWDtm9-1Zs4K-ZQgy4P1ZIOFlxHAkNtiAQDZBbUmpA39eDrizUhcSLpmI-b22Yrh_feLlSshnOos6obelJZA2rkC3n_xqu8sxYsvbzjlkEizfb8gO4uELVlH1HIgDIN6BIXzQh41PKKpz4yNIGuGHkeBGdTpXs4IGfpl3XAuAg'
2026-04-02 07:03:22,085 [WARNING] SyndicationEngine —   ⚠️  LINKEDIN: Failed — Invalid leading whitespace, reserved character(s), or return character(s) in header value: 'Bearer LINKEDIN_ACCESS_TOKEN\nAQWq2g0eBoORKGYAiqiSs_6J99dYBl9WFUai1tyKUs775viafigF4qNIjcvWjNo3kcMW5XtPBH7Msxs6bLwOnUUKCbqz3GEoH1KKBD42NoZR_jhlf3cbQTWyLZGwCXwgTibe_S7MMJA4Hd7RG7fXwKRpiMLPqkvKi98fKPGcRjBAVbnVewGCZWDtm9-1Zs4K-ZQgy4P1ZIOFlxHAkNtiAQDZBbUmpA39eDrizUhcSLpmI-b22Yrh_feLlSshnOos6obelJZA2rkC3n_xqu8sxYsvbzjlkEizfb8gO4uELVlH1HIgDIN6BIXzQh41PKKpz4yNIGuGHkeBGdTpXs4IGfpl3XAuAg'
2026-04-02 07:03:22,357 [ERROR] Mastodon — Mastodon post failed: HTTP 404: <!DOCTYPE html>
<html data-color-scheme="auto" data-contrast="auto" lang="en">
<head>
<meta content="text/html; charset=UTF-8" http-equiv="Content-Type">
<meta charset="utf-8">
<title>The page you are looking for isn&#39;t here.
 - Mastodon</title>
<meta content="width=device-width,initial-scale=1" 
2026-04-02 07:03:22,358 [WARNING] SyndicationEngine —   ⚠️  MASTODON: Failed — HTTP 404: <!DOCTYPE html>
<html data-color-scheme="auto" data-contrast="auto" lang="en">
<head>
<meta content="text/html; charset=UTF-8" http-equiv="Content-Type">
<meta charset="utf-8">
<title>The page you are looking for isn&#39;t here.
 - Mastodon</title>
<meta content="width=device-width,initial-scale=1" 
2026-04-02 07:03:22,358 [WARNING] SyndicationEngine —   ⚠️  All platforms failed for item — NOT marking as posted (will retry next run)
2026-04-02 07:03:22,358 [INFO] SyndicationEngine — ── Syndicating: CVE-2026-5319 - itsourcecode Payroll Management System navba...
2026-04-02 07:03:22,359 [ERROR] LinkedIn — LinkedIn request exception: Invalid leading whitespace, reserved character(s), or return character(s) in header value: 'Bearer LINKEDIN_ACCESS_TOKEN\nAQWq2g0eBoORKGYAiqiSs_6J99dYBl9WFUai1tyKUs775viafigF4qNIjcvWjNo3kcMW5XtPBH7Msxs6bLwOnUUKCbqz3GEoH1KKBD42NoZR_jhlf3cbQTWyLZGwCXwgTibe_S7MMJA4Hd7RG7fXwKRpiMLPqkvKi98fKPGcRjBAVbnVewGCZWDtm9-1Zs4K-ZQgy4P1ZIOFlxHAkNtiAQDZBbUmpA39eDrizUhcSLpmI-b22Yrh_feLlSshnOos6obelJZA2rkC3n_xqu8sxYsvbzjlkEizfb8gO4uELVlH1HIgDIN6BIXzQh41PKKpz4yNIGuGHkeBGdTpXs4IGfpl3XAuAg'
2026-04-02 07:03:22,359 [WARNING] SyndicationEngine —   ⚠️  LINKEDIN: Failed — Invalid leading whitespace, reserved character(s), or return character(s) in header value: 'Bearer LINKEDIN_ACCESS_TOKEN\nAQWq2g0eBoORKGYAiqiSs_6J99dYBl9WFUai1tyKUs775viafigF4qNIjcvWjNo3kcMW5XtPBH7Msxs6bLwOnUUKCbqz3GEoH1KKBD42NoZR_jhlf3cbQTWyLZGwCXwgTibe_S7MMJA4Hd7RG7fXwKRpiMLPqkvKi98fKPGcRjBAVbnVewGCZWDtm9-1Zs4K-ZQgy4P1ZIOFlxHAkNtiAQDZBbUmpA39eDrizUhcSLpmI-b22Yrh_feLlSshnOos6obelJZA2rkC3n_xqu8sxYsvbzjlkEizfb8gO4uELVlH1HIgDIN6BIXzQh41PKKpz4yNIGuGHkeBGdTpXs4IGfpl3XAuAg'
2026-04-02 07:03:22,653 [ERROR] Mastodon — Mastodon post failed: HTTP 404: <!DOCTYPE html>
<html data-color-scheme="auto" data-contrast="auto" lang="en">
<head>
<meta content="text/html; charset=UTF-8" http-equiv="Content-Type">
<meta charset="utf-8">
<title>The page you are looking for isn&#39;t here.
 - Mastodon</title>
<meta content="width=device-width,initial-scale=1" 
2026-04-02 07:03:22,655 [WARNING] SyndicationEngine —   ⚠️  MASTODON: Failed — HTTP 404: <!DOCTYPE html>
<html data-color-scheme="auto" data-contrast="auto" lang="en">
<head>
<meta content="text/html; charset=UTF-8" http-equiv="Content-Type">
<meta charset="utf-8">
<title>The page you are looking for isn&#39;t here.
 - Mastodon</title>
<meta content="width=device-width,initial-scale=1" 
2026-04-02 07:03:22,655 [WARNING] SyndicationEngine —   ⚠️  All platforms failed for item — NOT marking as posted (will retry next run)
2026-04-02 07:03:22,655 [INFO] SyndicationEngine — ── Syndicating: CVE-2026-5320 - vanna-ai vanna Chat API Endpoint v2 missing ...
2026-04-02 07:03:22,655 [ERROR] LinkedIn — LinkedIn request exception: Invalid leading whitespace, reserved character(s), or return character(s) in header value: 'Bearer LINKEDIN_ACCESS_TOKEN\nAQWq2g0eBoORKGYAiqiSs_6J99dYBl9WFUai1tyKUs775viafigF4qNIjcvWjNo3kcMW5XtPBH7Msxs6bLwOnUUKCbqz3GEoH1KKBD42NoZR_jhlf3cbQTWyLZGwCXwgTibe_S7MMJA4Hd7RG7fXwKRpiMLPqkvKi98fKPGcRjBAVbnVewGCZWDtm9-1Zs4K-ZQgy4P1ZIOFlxHAkNtiAQDZBbUmpA39eDrizUhcSLpmI-b22Yrh_feLlSshnOos6obelJZA2rkC3n_xqu8sxYsvbzjlkEizfb8gO4uELVlH1HIgDIN6BIXzQh41PKKpz4yNIGuGHkeBGdTpXs4IGfpl3XAuAg'
2026-04-02 07:03:22,655 [WARNING] SyndicationEngine —   ⚠️  LINKEDIN: Failed — Invalid leading whitespace, reserved character(s), or return character(s) in header value: 'Bearer LINKEDIN_ACCESS_TOKEN\nAQWq2g0eBoORKGYAiqiSs_6J99dYBl9WFUai1tyKUs775viafigF4qNIjcvWjNo3kcMW5XtPBH7Msxs6bLwOnUUKCbqz3GEoH1KKBD42NoZR_jhlf3cbQTWyLZGwCXwgTibe_S7MMJA4Hd7RG7fXwKRpiMLPqkvKi98fKPGcRjBAVbnVewGCZWDtm9-1Zs4K-ZQgy4P1ZIOFlxHAkNtiAQDZBbUmpA39eDrizUhcSLpmI-b22Yrh_feLlSshnOos6obelJZA2rkC3n_xqu8sxYsvbzjlkEizfb8gO4uELVlH1HIgDIN6BIXzQh41PKKpz4yNIGuGHkeBGdTpXs4IGfpl3XAuAg'
2026-04-02 07:03:22,908 [ERROR] Mastodon — Mastodon post failed: HTTP 404: <!DOCTYPE html>
<html data-color-scheme="auto" data-contrast="auto" lang="en">
<head>
<meta content="text/html; charset=UTF-8" http-equiv="Content-Type">
<meta charset="utf-8">
<title>The page you are looking for isn&#39;t here.
 - Mastodon</title>
<meta content="width=device-width,initial-scale=1" 
2026-04-02 07:03:22,909 [WARNING] SyndicationEngine —   ⚠️  MASTODON: Failed — HTTP 404: <!DOCTYPE html>
<html data-color-scheme="auto" data-contrast="auto" lang="en">
<head>
<meta content="text/html; charset=UTF-8" http-equiv="Content-Type">
<meta charset="utf-8">
<title>The page you are looking for isn&#39;t here.
 - Mastodon</title>
<meta content="width=device-width,initial-scale=1" 
2026-04-02 07:03:22,909 [WARNING] SyndicationEngine —   ⚠️  All platforms failed for item — NOT marking as posted (will retry next run)
2026-04-02 07:03:22,909 [INFO] SyndicationEngine — ── Syndicating: CVE-2026-5318 - LibRaw JPEG DHT losslessjpeg.cpp initval out...
2026-04-02 07:03:22,910 [ERROR] LinkedIn — LinkedIn request exception: Invalid leading whitespace, reserved character(s), or return character(s) in header value: 'Bearer LINKEDIN_ACCESS_TOKEN\nAQWq2g0eBoORKGYAiqiSs_6J99dYBl9WFUai1tyKUs775viafigF4qNIjcvWjNo3kcMW5XtPBH7Msxs6bLwOnUUKCbqz3GEoH1KKBD42NoZR_jhlf3cbQTWyLZGwCXwgTibe_S7MMJA4Hd7RG7fXwKRpiMLPqkvKi98fKPGcRjBAVbnVewGCZWDtm9-1Zs4K-ZQgy4P1ZIOFlxHAkNtiAQDZBbUmpA39eDrizUhcSLpmI-b22Yrh_feLlSshnOos6obelJZA2rkC3n_xqu8sxYsvbzjlkEizfb8gO4uELVlH1HIgDIN6BIXzQh41PKKpz4yNIGuGHkeBGdTpXs4IGfpl3XAuAg'
2026-04-02 07:03:22,910 [WARNING] SyndicationEngine —   ⚠️  LINKEDIN: Failed — Invalid leading whitespace, reserved character(s), or return character(s) in header value: 'Bearer LINKEDIN_ACCESS_TOKEN\nAQWq2g0eBoORKGYAiqiSs_6J99dYBl9WFUai1tyKUs775viafigF4qNIjcvWjNo3kcMW5XtPBH7Msxs6bLwOnUUKCbqz3GEoH1KKBD42NoZR_jhlf3cbQTWyLZGwCXwgTibe_S7MMJA4Hd7RG7fXwKRpiMLPqkvKi98fKPGcRjBAVbnVewGCZWDtm9-1Zs4K-ZQgy4P1ZIOFlxHAkNtiAQDZBbUmpA39eDrizUhcSLpmI-b22Yrh_feLlSshnOos6obelJZA2rkC3n_xqu8sxYsvbzjlkEizfb8gO4uELVlH1HIgDIN6BIXzQh41PKKpz4yNIGuGHkeBGdTpXs4IGfpl3XAuAg'
2026-04-02 07:03:23,265 [ERROR] Mastodon — Mastodon post failed: HTTP 404: <!DOCTYPE html>
<html data-color-scheme="auto" data-contrast="auto" lang="en">
<head>
<meta content="text/html; charset=UTF-8" http-equiv="Content-Type">
<meta charset="utf-8">
<title>The page you are looking for isn&#39;t here.
 - Mastodon</title>
<meta content="width=device-width,initial-scale=1" 
2026-04-02 07:03:23,266 [WARNING] SyndicationEngine —   ⚠️  MASTODON: Failed — HTTP 404: <!DOCTYPE html>
<html data-color-scheme="auto" data-contrast="auto" lang="en">
<head>
<meta content="text/html; charset=UTF-8" http-equiv="Content-Type">
<meta charset="utf-8">
<title>The page you are looking for isn&#39;t here.
 - Mastodon</title>
<meta content="width=device-width,initial-scale=1" 
2026-04-02 07:03:23,266 [WARNING] SyndicationEngine —   ⚠️  All platforms failed for item — NOT marking as posted (will retry next run)
2026-04-02 07:03:23,266 [INFO] SyndicationEngine — ── Syndicating: CVE-2026-1243 - IBM Content Navigator is affected by , a Cro...
2026-04-02 07:03:23,266 [ERROR] LinkedIn — LinkedIn request exception: Invalid leading whitespace, reserved character(s), or return character(s) in header value: 'Bearer LINKEDIN_ACCESS_TOKEN\nAQWq2g0eBoORKGYAiqiSs_6J99dYBl9WFUai1tyKUs775viafigF4qNIjcvWjNo3kcMW5XtPBH7Msxs6bLwOnUUKCbqz3GEoH1KKBD42NoZR_jhlf3cbQTWyLZGwCXwgTibe_S7MMJA4Hd7RG7fXwKRpiMLPqkvKi98fKPGcRjBAVbnVewGCZWDtm9-1Zs4K-ZQgy4P1ZIOFlxHAkNtiAQDZBbUmpA39eDrizUhcSLpmI-b22Yrh_feLlSshnOos6obelJZA2rkC3n_xqu8sxYsvbzjlkEizfb8gO4uELVlH1HIgDIN6BIXzQh41PKKpz4yNIGuGHkeBGdTpXs4IGfpl3XAuAg'
2026-04-02 07:03:23,266 [WARNING] SyndicationEngine —   ⚠️  LINKEDIN: Failed — Invalid leading whitespace, reserved character(s), or return character(s) in header value: 'Bearer LINKEDIN_ACCESS_TOKEN\nAQWq2g0eBoORKGYAiqiSs_6J99dYBl9WFUai1tyKUs775viafigF4qNIjcvWjNo3kcMW5XtPBH7Msxs6bLwOnUUKCbqz3GEoH1KKBD42NoZR_jhlf3cbQTWyLZGwCXwgTibe_S7MMJA4Hd7RG7fXwKRpiMLPqkvKi98fKPGcRjBAVbnVewGCZWDtm9-1Zs4K-ZQgy4P1ZIOFlxHAkNtiAQDZBbUmpA39eDrizUhcSLpmI-b22Yrh_feLlSshnOos6obelJZA2rkC3n_xqu8sxYsvbzjlkEizfb8gO4uELVlH1HIgDIN6BIXzQh41PKKpz4yNIGuGHkeBGdTpXs4IGfpl3XAuAg'
2026-04-02 07:03:23,511 [ERROR] Mastodon — Mastodon post failed: HTTP 404: <!DOCTYPE html>
<html data-color-scheme="auto" data-contrast="auto" lang="en">
<head>
<meta content="text/html; charset=UTF-8" http-equiv="Content-Type">
<meta charset="utf-8">
<title>The page you are looking for isn&#39;t here.
 - Mastodon</title>
<meta content="width=device-width,initial-scale=1" 
2026-04-02 07:03:23,512 [WARNING] SyndicationEngine —   ⚠️  MASTODON: Failed — HTTP 404: <!DOCTYPE html>
<html data-color-scheme="auto" data-contrast="auto" lang="en">
<head>
<meta content="text/html; charset=UTF-8" http-equiv="Content-Type">
<meta charset="utf-8">
<title>The page you are looking for isn&#39;t here.
 - Mastodon</title>
<meta content="width=device-width,initial-scale=1" 
2026-04-02 07:03:23,513 [WARNING] SyndicationEngine —   ⚠️  All platforms failed for item — NOT marking as posted (will retry next run)
2026-04-02 07:03:23,513 [INFO] StateManager — State saved: data/syndication_state.json (0 total items)
2026-04-02 07:03:23,513 [INFO] SyndicationEngine — State saved.
2026-04-02 07:03:23,514 [INFO] SyndicationEngine — Syndication complete. Duration: 8.6s | Items: 25 | Platforms: 2
2026-04-02 07:03:23,514 [INFO] SyndicationEngine — ============================================================
